<?xml version="1.0" encoding="UTF-8"?>
<testng-results skipped="0" failed="0" ignored="0" total="2" passed="2">
  <reporter-output>
  </reporter-output>
  <suite name="Default suite" duration-ms="8457" started-at="2020-06-18T18:55:38 IST" finished-at="2020-06-18T18:55:46 IST">
    <groups>
    </groups>
    <test name="Default test" duration-ms="8457" started-at="2020-06-18T18:55:38 IST" finished-at="2020-06-18T18:55:46 IST">
      <class name="com.qa.tests.GETAPITest">
        <test-method status="PASS" signature="setUp()[pri:0, instance:com.qa.tests.GETAPITest@168ddbd]" name="setUp" is-config="true" duration-ms="16" started-at="2020-06-18T18:55:38 IST" finished-at="2020-06-18T18:55:38 IST">
          <reporter-output>
          </reporter-output>
        </test-method> <!-- setUp -->
        <test-method status="PASS" signature="getWithoutHeaderAPITest()[pri:1, instance:com.qa.tests.GETAPITest@168ddbd]" name="getWithoutHeaderAPITest" duration-ms="7405" started-at="2020-06-18T18:55:38 IST" description="API test without header passing" finished-at="2020-06-18T18:55:45 IST">
          <reporter-output>
          </reporter-output>
        </test-method> <!-- getWithoutHeaderAPITest -->
        <test-method status="PASS" signature="setUp()[pri:0, instance:com.qa.tests.GETAPITest@168ddbd]" name="setUp" is-config="true" duration-ms="1" started-at="2020-06-18T18:55:45 IST" finished-at="2020-06-18T18:55:45 IST">
          <reporter-output>
          </reporter-output>
        </test-method> <!-- setUp -->
        <test-method status="PASS" signature="getWithHeaderAPITest()[pri:2, instance:com.qa.tests.GETAPITest@168ddbd]" name="getWithHeaderAPITest" duration-ms="912" started-at="2020-06-18T18:55:45 IST" description="API test without header passing" finished-at="2020-06-18T18:55:46 IST">
          <reporter-output>
          </reporter-output>
        </test-method> <!-- getWithHeaderAPITest -->
      </class> <!-- com.qa.tests.GETAPITest -->
    </test> <!-- Default test -->
  </suite> <!-- Default suite -->
</testng-results>
