<?xml version="1.0" encoding="UTF-8"?>
<testng-results skipped="0" failed="0" ignored="0" total="1" passed="1">
  <reporter-output>
  </reporter-output>
  <suite name="Default suite" duration-ms="4347" started-at="2020-06-19T15:31:05 IST" finished-at="2020-06-19T15:31:10 IST">
    <groups>
    </groups>
    <test name="Default test" duration-ms="4347" started-at="2020-06-19T15:31:05 IST" finished-at="2020-06-19T15:31:10 IST">
      <class name="com.qa.tests.POSTAPITest">
        <test-method status="PASS" signature="setUp()[pri:0, instance:com.qa.tests.POSTAPITest@a3107a]" name="setUp" is-config="true" duration-ms="18" started-at="2020-06-19T15:31:05 IST" finished-at="2020-06-19T15:31:05 IST">
          <reporter-output>
          </reporter-output>
        </test-method> <!-- setUp -->
        <test-method status="PASS" signature="postAPITest()[pri:0, instance:com.qa.tests.POSTAPITest@a3107a]" name="postAPITest" duration-ms="4174" started-at="2020-06-19T15:31:05 IST" finished-at="2020-06-19T15:31:10 IST">
          <reporter-output>
          </reporter-output>
        </test-method> <!-- postAPITest -->
      </class> <!-- com.qa.tests.POSTAPITest -->
    </test> <!-- Default test -->
  </suite> <!-- Default suite -->
</testng-results>
