<?xml version="1.0" encoding="UTF-8"?>
<!-- Generated by org.testng.reporters.JUnitReportReporter -->
<testsuite skipped="0" hostname="vicky-PC" name="com.qa.tests.GETAPITest" tests="2" failures="0" timestamp="2020-06-18T18:55:46 IST" time="8.334" errors="0">
  <testcase name="getWithoutHeaderAPITest" time="7.421" classname="com.qa.tests.GETAPITest"/>
  <system-out/>
  <testcase name="getWithHeaderAPITest" time="0.913" classname="com.qa.tests.GETAPITest"/>
  <system-out/>
</testsuite> <!-- com.qa.tests.GETAPITest -->
