<?xml version="1.0" encoding="UTF-8"?>
<!-- Generated by org.testng.reporters.JUnitReportReporter -->
<testsuite skipped="0" hostname="vicky-PC" name="com.qa.tests.GETAPITest" tests="2" failures="0" timestamp="2020-06-19T15:21:37 IST" time="3.646" errors="0">
  <testcase name="getWithoutHeaderAPITest" time="2.681" classname="com.qa.tests.GETAPITest"/>
  <system-out/>
  <testcase name="getWithHeaderAPITest" time="0.965" classname="com.qa.tests.GETAPITest"/>
  <system-out/>
</testsuite> <!-- com.qa.tests.GETAPITest -->
